('127.0.0.1', 41194) | GET / HTTP/1.1
Host: 127.0.0.1:2506
User-Agent: curl/7.52.1
Accept: */*

 | HTTP/1.1 200 OK
Connection: close
Content-Type: text/html; encoding=utf8
Content-Length: 24

Thanks for connection...
----------
('127.0.0.1', 41196) | GET / HTTP/1.1
Host: 127.0.0.1:2506
User-Agent: curl/7.52.1
Accept: */*

 | HTTP/1.1 200 OK
Connection: close
Content-Type: text/html; encoding=utf8
Content-Length: 24

Thanks for connection...
----------
('127.0.0.1', 41198) | GET / HTTP/1.1
Host: 127.0.0.1:2506
User-Agent: curl/7.52.1
Accept: */*

 | HTTP/1.1 200 OK
Connection: close
Content-Type: text/html; encoding=utf8
Content-Length: 24

Thanks for connection...
----------
('127.0.0.1', 41200) | GET / HTTP/1.1
Host: 127.0.0.1:2506
User-Agent: curl/7.52.1
Accept: */*

 | HTTP/1.1 200 OK
Connection: close
Content-Type: text/html; encoding=utf8
Content-Length: 24

Thanks for connection...
----------
('127.0.0.1', 41202) | GET / HTTP/1.1
Host: 127.0.0.1:2506
User-Agent: curl/7.52.1
Accept: */*

 | HTTP/1.1 200 OK
Connection: close
Content-Type: text/html; encoding=utf8
Content-Length: 24

Thanks for connection...
----------
('127.0.0.1', 41204) | GET / HTTP/1.1
Host: 127.0.0.1:2506
User-Agent: curl/7.52.1
Accept: */*

 | HTTP/1.1 200 OK
Connection: close
Content-Type: text/html; encoding=utf8
Content-Length: 24

Thanks for connection...
----------
('127.0.0.1', 41206) | GET / HTTP/1.1
Host: 127.0.0.1:2506
User-Agent: curl/7.52.1
Accept: */*

 | HTTP/1.1 200 OK
Connection: close
Content-Type: text/html; encoding=utf8
Content-Length: 24

Thanks for connection...
----------
('127.0.0.1', 41208) | GET / HTTP/1.1
Host: 127.0.0.1:2506
User-Agent: curl/7.52.1
Accept: */*

 | HTTP/1.1 200 OK
Connection: close
Content-Type: text/html; encoding=utf8
Content-Length: 24

Thanks for connection...
----------
('127.0.0.1', 51728) | GET / HTTP/1.1
Host: 127.0.0.1:2507
User-Agent: curl/7.52.1
Accept: */*

 | HTTP/1.1 200 OK
Content-Length: 24
Connection: close
Content-Type: text/html; encoding=utf8

Thanks for connection...
----------
('127.0.0.1', 51730) | GET / HTTP/1.1
Host: 127.0.0.1:2507
User-Agent: curl/7.52.1
Accept: */*

 | HTTP/1.1 200 OK
Content-Length: 24
Connection: close
Content-Type: text/html; encoding=utf8

Thanks for connection...
----------
('127.0.0.1', 51734) | GET / HTTP/1.1
Host: 127.0.0.1:2507
User-Agent: curl/7.52.1
Accept: */*

 | HTTP/1.1 200 OK
Content-Length: 24
Connection: close
Content-Type: text/html; encoding=utf8

Thanks for connection...
----------
('127.0.0.1', 51736) | GET / HTTP/1.1
Host: 127.0.0.1:2507
User-Agent: curl/7.52.1
Accept: */*

 | HTTP/1.1 200 OK
Content-Length: 24
Connection: close
Content-Type: text/html; encoding=utf8

Thanks for connection...
----------
('127.0.0.1', 51738) | GET / HTTP/1.1
Host: 127.0.0.1:2507
User-Agent: curl/7.52.1
Accept: */*

 | HTTP/1.1 200 OK
Content-Length: 24
Connection: close
Content-Type: text/html; encoding=utf8

Thanks for connection...
----------
('127.0.0.1', 51740) | GET / HTTP/1.1
Host: 127.0.0.1:2507
User-Agent: curl/7.52.1
Accept: */*

 | HTTP/1.1 200 OK
Content-Length: 24
Connection: close
Content-Type: text/html; encoding=utf8

Thanks for connection...
----------
('127.0.0.1', 35144) | GET / HTTP/1.1
Host: 127.0.0.1:2508
User-Agent: curl/7.52.1
Accept: */*

 | HTTP/1.1 200 OK
Content-Type: text/html; encoding=utf8
Content-Length: 24
Connection: close

Thanks for connection...
----------
('127.0.0.1', 35146) | GET / HTTP/1.1
Host: 127.0.0.1:2508
User-Agent: curl/7.52.1
Accept: */*

 | HTTP/1.1 200 OK
Content-Type: text/html; encoding=utf8
Content-Length: 24
Connection: close

Thanks for connection...
----------
('127.0.0.1', 35148) | GET / HTTP/1.1
Host: 127.0.0.1:2508
User-Agent: curl/7.52.1
Accept: */*

 | HTTP/1.1 200 OK
Content-Type: text/html; encoding=utf8
Content-Length: 24
Connection: close

Thanks for connection...
----------
('127.0.0.1', 35166) | GET / HTTP/1.1
Host: 127.0.0.1:2508
User-Agent: curl/7.52.1
Accept: */*

 | HTTP/1.1 200 OK
Connection: close
Content-Type: text/html; encoding=utf8
Content-Length: 24

Thanks for connection...
----------
('127.0.0.1', 35168) | GET / HTTP/1.1
Host: 127.0.0.1:2508
User-Agent: curl/7.52.1
Accept: */*

 | HTTP/1.1 200 OK
Connection: close
Content-Type: text/html; encoding=utf8
Content-Length: 24

Thanks for connection...
----------
('127.0.0.1', 35170) | GET / HTTP/1.1
Host: 127.0.0.1:2508
User-Agent: curl/7.52.1
Accept: */*

 | HTTP/1.1 200 OK
Connection: close
Content-Type: text/html; encoding=utf8
Content-Length: 24

Thanks for connection...
----------
('127.0.0.1', 35172) | GET / HTTP/1.1
Host: 127.0.0.1:2508
User-Agent: curl/7.52.1
Accept: */*

 | HTTP/1.1 200 OK
Connection: close
Content-Type: text/html; encoding=utf8
Content-Length: 24

Thanks for connection...
----------
('127.0.0.1', 35174) | GET / HTTP/1.1
Host: 127.0.0.1:2508
User-Agent: curl/7.52.1
Accept: */*

 | HTTP/1.1 200 OK
Connection: close
Content-Type: text/html; encoding=utf8
Content-Length: 24

Thanks for connection...
----------
('127.0.0.1', 44202) | GET / HTTP/1.1
Host: 127.0.0.1:2509
User-Agent: curl/7.52.1
Accept: */*

 | HTTP/1.1 200 OK
Content-Length: 24
Content-Type: text/html; encoding=utf8
Connection: close

Thanks for connection...
----------
('127.0.0.1', 44204) | GET / HTTP/1.1
Host: 127.0.0.1:2509
User-Agent: curl/7.52.1
Accept: */*

 | HTTP/1.1 200 OK
Content-Length: 24
Content-Type: text/html; encoding=utf8
Connection: close

Thanks for connection...
----------
('127.0.0.1', 44206) | GET / HTTP/1.1
Host: 127.0.0.1:2509
User-Agent: curl/7.52.1
Accept: */*

 | HTTP/1.1 200 OK
Content-Length: 24
Content-Type: text/html; encoding=utf8
Connection: close

Thanks for connection...
----------
('127.0.0.1', 50242) | GET / HTTP/1.1
Host: 127.0.0.1:2520
User-Agent: curl/7.52.1
Accept: */*

 | HTTP/1.1 200 OK
Connection: close
Content-Type: text/html; encoding=utf8
Content-Length: 24

Thanks for connection...
----------
('127.0.0.1', 50244) | GET / HTTP/1.1
Host: 127.0.0.1:2520
User-Agent: curl/7.52.1
Accept: */*

 | HTTP/1.1 200 OK
Connection: close
Content-Type: text/html; encoding=utf8
Content-Length: 24

Thanks for connection...
----------
('127.0.0.1', 36154) | GET / HTTP/1.1
Host: 127.0.0.1:2521
User-Agent: curl/7.52.1
Accept: */*

 | HTTP/1.1 200 OK
Connection: close
Content-Length: 24
Content-Type: text/html; encoding=utf8

Thanks for connection...
----------
('127.0.0.1', 36156) | GET / HTTP/1.1
Host: 127.0.0.1:2521
User-Agent: curl/7.52.1
Accept: */*

 | HTTP/1.1 200 OK
Connection: close
Content-Length: 24
Content-Type: text/html; encoding=utf8

Thanks for connection...
----------
('127.0.0.1', 36158) | GET / HTTP/1.1
Host: 127.0.0.1:2521
User-Agent: curl/7.52.1
Accept: */*

 | HTTP/1.1 200 OK
Connection: close
Content-Length: 24
Content-Type: text/html; encoding=utf8

Thanks for connection...
----------
('127.0.0.1', 36160) | GET / HTTP/1.1
Host: 127.0.0.1:2521
User-Agent: curl/7.52.1
Accept: */*

 | HTTP/1.1 200 OK
Connection: close
Content-Length: 24
Content-Type: text/html; encoding=utf8

Thanks for connection...
----------
('127.0.0.1', 36162) | GET / HTTP/1.1
Host: 127.0.0.1:2521
User-Agent: curl/7.52.1
Accept: */*

 | HTTP/1.1 200 OK
Connection: close
Content-Length: 24
Content-Type: text/html; encoding=utf8

Thanks for connection...
----------
('127.0.0.1', 36164) | GET / HTTP/1.1
Host: 127.0.0.1:2521
User-Agent: curl/7.52.1
Accept: */*

 | HTTP/1.1 200 OK
Connection: close
Content-Length: 24
Content-Type: text/html; encoding=utf8

Thanks for connection...
----------
('127.0.0.1', 36166) | GET / HTTP/1.1
Host: 127.0.0.1:2521
User-Agent: curl/7.52.1
Accept: */*

 | HTTP/1.1 200 OK
Connection: close
Content-Length: 24
Content-Type: text/html; encoding=utf8

Thanks for connection...
----------
('127.0.0.1', 36170) | GET / HTTP/1.1
Host: 127.0.0.1:2521
User-Agent: curl/7.52.1
Accept: */*

 | HTTP/1.1 200 OK
Connection: close
Content-Length: 24
Content-Type: text/html; encoding=utf8

Thanks for connection...
----------
('127.0.0.1', 36172) | GET / HTTP/1.1
Host: 127.0.0.1:2521
User-Agent: curl/7.52.1
Accept: */*

 | HTTP/1.1 200 OK
Connection: close
Content-Length: 24
Content-Type: text/html; encoding=utf8

Thanks for connection...
----------
('127.0.0.1', 36174) | GET / HTTP/1.1
Host: 127.0.0.1:2521
User-Agent: curl/7.52.1
Accept: */*

 | HTTP/1.1 200 OK
Connection: close
Content-Length: 24
Content-Type: text/html; encoding=utf8

Thanks for connection...
----------
('127.0.0.1', 57550) | GET / HTTP/1.1
Host: 127.0.0.1:2522
User-Agent: curl/7.52.1
Accept: */*

 | HTTP/1.1 200 OK
Content-Length: 24
Content-Type: text/html; encoding=utf8
Connection: close

Thanks for connection...
----------
('127.0.0.1', 57552) | GET / HTTP/1.1
Host: 127.0.0.1:2522
User-Agent: curl/7.52.1
Accept: */*

 | HTTP/1.1 200 OK
Content-Length: 24
Content-Type: text/html; encoding=utf8
Connection: close

Thanks for connection...
----------
('127.0.0.1', 57556) | GET / HTTP/1.1
Host: 127.0.0.1:2522
User-Agent: curl/7.52.1
Accept: */*

 | HTTP/1.1 200 OK
Content-Length: 24
Content-Type: text/html; encoding=utf8
Connection: close

Thanks for connection...
----------
('127.0.0.1', 57558) | GET / HTTP/1.1
Host: 127.0.0.1:2522
User-Agent: curl/7.52.1
Accept: */*

 | HTTP/1.1 200 OK
Content-Length: 24
Content-Type: text/html; encoding=utf8
Connection: close

Thanks for connection...
----------
('127.0.0.1', 57646) | GET / HTTP/1.1
Host: 127.0.0.1:2522
User-Agent: curl/7.52.1
Accept: */*

 | HTTP/1.1 200 OK
Content-Type: text/html; encoding=utf8
Connection: close
Content-Length: 24

Thanks for connection...
----------
('127.0.0.1', 57648) | GET / HTTP/1.1
Host: 127.0.0.1:2522
User-Agent: curl/7.52.1
Accept: */*

 | HTTP/1.1 200 OK
Content-Type: text/html; encoding=utf8
Connection: close
Content-Length: 24

Thanks for connection...
----------
('127.0.0.1', 36570) | GET / HTTP/1.1
Host: 127.0.0.1:2523
User-Agent: curl/7.52.1
Accept: */*

 | HTTP/1.1 200 OK
Content-Type: text/html; encoding=utf8
Connection: close
Content-Length: 24

Thanks for connection...
----------
('127.0.0.1', 36572) | GET / HTTP/1.1
Host: 127.0.0.1:2523
User-Agent: curl/7.52.1
Accept: */*

 | HTTP/1.1 200 OK
Content-Type: text/html; encoding=utf8
Connection: close
Content-Length: 24

Thanks for connection...
----------
('127.0.0.1', 36574) | GET / HTTP/1.1
Host: 127.0.0.1:2523
User-Agent: curl/7.52.1
Accept: */*

 | HTTP/1.1 200 OK
Content-Type: text/html; encoding=utf8
Connection: close
Content-Length: 24

Thanks for connection...
----------
('127.0.0.1', 36576) | GET / HTTP/1.1
Host: 127.0.0.1:2523
User-Agent: curl/7.52.1
Accept: */*

 | HTTP/1.1 200 OK
Content-Type: text/html; encoding=utf8
Connection: close
Content-Length: 24

Thanks for connection...
----------
('127.0.0.1', 36578) | GET / HTTP/1.1
Host: 127.0.0.1:2523
User-Agent: curl/7.52.1
Accept: */*

 | HTTP/1.1 200 OK
Content-Type: text/html; encoding=utf8
Connection: close
Content-Length: 24

Thanks for connection...
----------
('127.0.0.1', 39630) | GET / HTTP/1.1
Host: 127.0.0.1:2524
User-Agent: curl/7.52.1
Accept: */*

 | HTTP/1.1 200 OK
Content-Length: 24
Content-Type: text/html; encoding=utf8
Connection: close

Thanks for connection...
----------
('127.0.0.1', 39632) | GET / HTTP/1.1
Host: 127.0.0.1:2524
User-Agent: curl/7.52.1
Accept: */*

 | HTTP/1.1 200 OK
Content-Length: 24
Content-Type: text/html; encoding=utf8
Connection: close

Thanks for connection...
----------
('127.0.0.1', 50196) | GET / HTTP/1.1
Host: 127.0.0.1:2525
User-Agent: curl/7.52.1
Accept: */*

 | HTTP/1.1 200 OK
Content-Length: 24
Connection: close
Content-Type: text/html; encoding=utf8

Thanks for connection...
----------
('127.0.0.1', 50198) | GET / HTTP/1.1
Host: 127.0.0.1:2525
User-Agent: curl/7.52.1
Accept: */*

 | HTTP/1.1 200 OK
Content-Length: 24
Connection: close
Content-Type: text/html; encoding=utf8

Thanks for connection...
----------
('127.0.0.1', 56648) | GET / HTTP/1.1
Host: 127.0.0.1:2526
User-Agent: curl/7.52.1
Accept: */*

 | HTTP/1.1 200 OK
Connection: close
Content-Length: 24
Content-Type: text/html; encoding=utf8

Thanks for connection...
----------
('127.0.0.1', 56650) | GET / HTTP/1.1
Host: 127.0.0.1:2526
User-Agent: curl/7.52.1
Accept: */*

 | HTTP/1.1 200 OK
Connection: close
Content-Length: 24
Content-Type: text/html; encoding=utf8

Thanks for connection...
----------
('127.0.0.1', 41438) | GET / HTTP/1.1
Host: 127.0.0.1:2527
User-Agent: curl/7.52.1
Accept: */*

 | HTTP/1.1 200 OK
Content-Type: text/html; encoding=utf8
Content-Length: 24
Connection: close

Thanks for connection...
----------
('127.0.0.1', 41442) | GET / HTTP/1.1
Host: 127.0.0.1:2527
User-Agent: curl/7.52.1
Accept: */*

 | HTTP/1.1 200 OK
Content-Type: text/html; encoding=utf8
Content-Length: 24
Connection: close

Thanks for connection...
----------
('127.0.0.1', 41460) | GET / HTTP/1.1
Host: 127.0.0.1:2527
User-Agent: curl/7.52.1
Accept: */*

 | HTTP/1.1 200 OK
Content-Length: 24
Content-Type: text/html; encoding=utf8
Connection: close

Thanks for connection...
----------
('127.0.0.1', 40332) | GET / HTTP/1.1
Host: 127.0.0.1:2528
User-Agent: curl/7.52.1
Accept: */*

 | HTTP/1.1 200 OK
Content-Length: 24
Connection: close
Content-Type: text/html; encoding=utf8

Thanks for connection...
----------
('127.0.0.1', 40334) | GET / HTTP/1.1
Host: 127.0.0.1:2528
User-Agent: curl/7.52.1
Accept: */*

 | HTTP/1.1 200 OK
Content-Length: 24
Connection: close
Content-Type: text/html; encoding=utf8

Thanks for connection...
----------
('127.0.0.1', 40336) | GET / HTTP/1.1
Host: 127.0.0.1:2528
User-Agent: curl/7.52.1
Accept: */*

 | HTTP/1.1 200 OK
Content-Length: 24
Connection: close
Content-Type: text/html; encoding=utf8

Thanks for connection...
----------
('127.0.0.1', 40338) | GET / HTTP/1.1
Host: 127.0.0.1:2528
User-Agent: curl/7.52.1
Accept: */*

 | HTTP/1.1 200 OK
Content-Length: 24
Connection: close
Content-Type: text/html; encoding=utf8

Thanks for connection...
----------
('127.0.0.1', 40340) | GET / HTTP/1.1
Host: 127.0.0.1:2528
User-Agent: curl/7.52.1
Accept: */*

 | HTTP/1.1 200 OK
Content-Length: 24
Connection: close
Content-Type: text/html; encoding=utf8

Thanks for connection...
----------
('127.0.0.1', 40342) | GET / HTTP/1.1
Host: 127.0.0.1:2528
User-Agent: curl/7.52.1
Accept: */*

 | HTTP/1.1 200 OK
Content-Length: 24
Connection: close
Content-Type: text/html; encoding=utf8

Thanks for connection...
----------
('127.0.0.1', 40344) | GET / HTTP/1.1
Host: 127.0.0.1:2528
User-Agent: curl/7.52.1
Accept: */*

 | HTTP/1.1 200 OK
Content-Length: 24
Connection: close
Content-Type: text/html; encoding=utf8

Thanks for connection...
----------
('127.0.0.1', 40346) | GET / HTTP/1.1
Host: 127.0.0.1:2528
User-Agent: curl/7.52.1
Accept: */*

 | HTTP/1.1 200 OK
Content-Length: 24
Connection: close
Content-Type: text/html; encoding=utf8

Thanks for connection...
----------
('127.0.0.1', 40348) | GET / HTTP/1.1
Host: 127.0.0.1:2528
User-Agent: curl/7.52.1
Accept: */*

 | HTTP/1.1 200 OK
Content-Length: 24
Connection: close
Content-Type: text/html; encoding=utf8

Thanks for connection...
----------
('127.0.0.1', 40350) | GET / HTTP/1.1
Host: 127.0.0.1:2528
User-Agent: curl/7.52.1
Accept: */*

 | HTTP/1.1 200 OK
Content-Length: 24
Connection: close
Content-Type: text/html; encoding=utf8

Thanks for connection...
----------
('127.0.0.1', 41574) | GET / HTTP/1.1
Host: 127.0.0.1:2529
User-Agent: curl/7.52.1
Accept: */*

 | HTTP/1.1 200 OK
Connection: close
Content-Type: text/html; encoding=utf8
Content-Length: 24

Thanks for connection...
----------
('127.0.0.1', 41576) | GET / HTTP/1.1
Host: 127.0.0.1:2529
User-Agent: curl/7.52.1
Accept: */*

 | HTTP/1.1 200 OK
Connection: close
Content-Type: text/html; encoding=utf8
Content-Length: 24

Thanks for connection...
----------
('127.0.0.1', 41580) | GET / HTTP/1.1
Host: 127.0.0.1:2529
User-Agent: curl/7.52.1
Accept: */*

 | HTTP/1.1 200 OK
Connection: close
Content-Type: text/html; encoding=utf8
Content-Length: 24

Thanks for connection...
----------
('127.0.0.1', 41582) | GET / HTTP/1.1
Host: 127.0.0.1:2529
User-Agent: curl/7.52.1
Accept: */*

 | HTTP/1.1 200 OK
Connection: close
Content-Type: text/html; encoding=utf8
Content-Length: 24

Thanks for connection...
----------
('127.0.0.1', 41584) | GET / HTTP/1.1
Host: 127.0.0.1:2529
User-Agent: curl/7.52.1
Accept: */*

 | HTTP/1.1 200 OK
Connection: close
Content-Type: text/html; encoding=utf8
Content-Length: 24

Thanks for connection...
----------
